<?xml version="1.0" encoding="UTF-8"?>
<testng-results skipped="0" failed="0" total="1" passed="1">
  <reporter-output>
  </reporter-output>
  <suite name="Default suite" duration-ms="44388" started-at="2020-03-04T18:51:15Z" finished-at="2020-03-04T18:52:00Z">
    <groups>
    </groups>
    <test name="Default test" duration-ms="44388" started-at="2020-03-04T18:51:15Z" finished-at="2020-03-04T18:52:00Z">
      <class name="com.GitCheck.TestCase1">
        <test-method status="PASS" signature="method1()[pri:0, instance:com.GitCheck.TestCase1@2a2d45ba]" name="method1" duration-ms="44346" started-at="2020-03-05T00:21:15Z" finished-at="2020-03-05T00:22:00Z">
          <reporter-output>
          </reporter-output>
        </test-method> <!-- method1 -->
      </class> <!-- com.GitCheck.TestCase1 -->
    </test> <!-- Default test -->
  </suite> <!-- Default suite -->
</testng-results>
